# JRE version: OpenJDK Runtime Environment Corretto-17.0.9.8.1 (17.0.9+8) (build 17.0.9+8-LTS)
# Java VM: OpenJDK 64-Bit Server VM Corretto-17.0.9.8.1 (17.0.9+8-LTS, mixed mode, sharing, tiered, compressed oops, compressed class ptrs, g1 gc, windows-amd64)
GC Precious Log:
 CPUs: 20 total, 20 available
 Memory: 16084M
 Large Page Support: Disabled
 NUMA Support: Disabled
 Compressed Oops: Enabled (Zero based)
 Heap Region Size: 2M
 Heap Min Capacity: 8M
 Heap Initial Capacity: 252M
 Heap Max Capacity: 4022M
 Pre-touch: Disabled
 Parallel Workers: 15
 Concurrent Workers: 4
 Concurrent Refinement Workers: 15
 Periodic GC: Disabled
Heap:
 garbage-first heap   total 81920K, used 26740K [0x0000000704a00000, 0x0000000800000000)
  region size 2048K, 6 young (12288K), 2 survivors (4096K)
 Metaspace       used 37356K, committed 37696K, reserved 1114112K
  class space    used 5101K, committed 5248K, reserved 1048576K
GC Heap History (16 events):
Event: 0.285 GC heap before
{Heap before GC invocations=0 (full 0):
 garbage-first heap   total 258048K, used 20480K [0x0000000704a00000, 0x0000000800000000)
  region size 2048K, 11 young (22528K), 0 survivors (0K)
 Metaspace       used 4048K, committed 4224K, reserved 1114112K
  class space    used 470K, committed 576K, reserved 1048576K
}
Event: 0.287 GC heap after
{Heap after GC invocations=1 (full 0):
 garbage-first heap   total 258048K, used 7954K [0x0000000704a00000, 0x0000000800000000)
  region size 2048K, 2 young (4096K), 2 survivors (4096K)
 Metaspace       used 4048K, committed 4224K, reserved 1114112K
  class space    used 470K, committed 576K, reserved 1048576K
}
Event: 0.560 GC heap before
{Heap before GC invocations=1 (full 0):
 garbage-first heap   total 258048K, used 30482K [0x0000000704a00000, 0x0000000800000000)
  region size 2048K, 13 young (26624K), 2 survivors (4096K)
 Metaspace       used 9881K, committed 10112K, reserved 1114112K
  class space    used 1236K, committed 1344K, reserved 1048576K
}
Event: 0.562 GC heap after
{Heap after GC invocations=2 (full 0):
 garbage-first heap   total 258048K, used 9971K [0x0000000704a00000, 0x0000000800000000)
  region size 2048K, 1 young (2048K), 1 survivors (2048K)
 Metaspace       used 9881K, committed 10112K, reserved 1114112K
  class space    used 1236K, committed 1344K, reserved 1048576K
}
Event: 1.057 GC heap before
{Heap before GC invocations=2 (full 0):
 garbage-first heap   total 258048K, used 65267K [0x0000000704a00000, 0x0000000800000000)
  region size 2048K, 30 young (61440K), 1 survivors (2048K)
 Metaspace       used 21305K, committed 21504K, reserved 1114112K
  class space    used 2836K, committed 2944K, reserved 1048576K
}
Event: 1.060 GC heap after
{Heap after GC invocations=3 (full 0):
 garbage-first heap   total 258048K, used 13701K [0x0000000704a00000, 0x0000000800000000)
  region size 2048K, 3 young (6144K), 3 survivors (6144K)
 Metaspace       used 21305K, committed 21504K, reserved 1114112K
  class space    used 2836K, committed 2944K, reserved 1048576K
}
Event: 1.256 GC heap before
{Heap before GC invocations=4 (full 0):
 garbage-first heap   total 55296K, used 38277K [0x0000000704a00000, 0x0000000800000000)
  region size 2048K, 16 young (32768K), 3 survivors (6144K)
 Metaspace       used 24981K, committed 25280K, reserved 1114112K
  class space    used 3325K, committed 3520K, reserved 1048576K
}
Event: 1.261 GC heap after
{Heap after GC invocations=5 (full 0):
 garbage-first heap   total 55296K, used 15550K [0x0000000704a00000, 0x0000000800000000)
  region size 2048K, 4 young (8192K), 4 survivors (8192K)
 Metaspace       used 24981K, committed 25280K, reserved 1114112K
  class space    used 3325K, committed 3520K, reserved 1048576K
}
Event: 1.447 GC heap before
{Heap before GC invocations=5 (full 0):
 garbage-first heap   total 55296K, used 33982K [0x0000000704a00000, 0x0000000800000000)
  region size 2048K, 13 young (26624K), 4 survivors (8192K)
 Metaspace       used 27176K, committed 27456K, reserved 1114112K
  class space    used 3599K, committed 3776K, reserved 1048576K
}
Event: 1.452 GC heap after
{Heap after GC invocations=6 (full 0):
 garbage-first heap   total 55296K, used 16505K [0x0000000704a00000, 0x0000000800000000)
  region size 2048K, 2 young (4096K), 2 survivors (4096K)
 Metaspace       used 27176K, committed 27456K, reserved 1114112K
  class space    used 3599K, committed 3776K, reserved 1048576K
}
Event: 1.717 GC heap before
{Heap before GC invocations=6 (full 0):
 garbage-first heap   total 55296K, used 34937K [0x0000000704a00000, 0x0000000800000000)
  region size 2048K, 11 young (22528K), 2 survivors (4096K)
 Metaspace       used 29560K, committed 29952K, reserved 1114112K
  class space    used 3948K, committed 4160K, reserved 1048576K
}
Event: 1.721 GC heap after
{Heap after GC invocations=7 (full 0):
 garbage-first heap   total 55296K, used 17744K [0x0000000704a00000, 0x0000000800000000)
  region size 2048K, 2 young (4096K), 2 survivors (4096K)
 Metaspace       used 29560K, committed 29952K, reserved 1114112K
  class space    used 3948K, committed 4160K, reserved 1048576K
}
Event: 1.963 GC heap before
{Heap before GC invocations=7 (full 0):
 garbage-first heap   total 55296K, used 36176K [0x0000000704a00000, 0x0000000800000000)
  region size 2048K, 11 young (22528K), 2 survivors (4096K)
 Metaspace       used 32211K, committed 32640K, reserved 1114112K
  class space    used 4340K, committed 4544K, reserved 1048576K
}
Event: 1.968 GC heap after
{Heap after GC invocations=8 (full 0):
 garbage-first heap   total 55296K, used 19728K [0x0000000704a00000, 0x0000000800000000)
  region size 2048K, 2 young (4096K), 2 survivors (4096K)
 Metaspace       used 32211K, committed 32640K, reserved 1114112K
  class space    used 4340K, committed 4544K, reserved 1048576K
}
Event: 2.337 GC heap before
{Heap before GC invocations=8 (full 0):
 garbage-first heap   total 55296K, used 36112K [0x0000000704a00000, 0x0000000800000000)
  region size 2048K, 11 young (22528K), 2 survivors (4096K)
 Metaspace       used 35642K, committed 35968K, reserved 1114112K
  class space    used 4801K, committed 4928K, reserved 1048576K
}
Event: 2.344 GC heap after
{Heap after GC invocations=9 (full 0):
 garbage-first heap   total 157696K, used 20596K [0x0000000704a00000, 0x0000000800000000)
  region size 2048K, 2 young (4096K), 2 survivors (4096K)
 Metaspace       used 35642K, committed 35968K, reserved 1114112K
  class space    used 4801K, committed 4928K, reserved 1048576K
}

